<?xml version="1.0" encoding="UTF-8"?>
<testng-results skipped="0" failed="0" ignored="0" total="1" passed="1">
  <reporter-output>
    <line>
      <![CDATA[CreateCustomer]]>
    </line>
  </reporter-output>
  <suite name="Default suite" duration-ms="115" started-at="2020-04-14T17:28:55Z" finished-at="2020-04-14T17:28:55Z">
    <groups>
    </groups>
    <test name="Default test" duration-ms="115" started-at="2020-04-14T17:28:55Z" finished-at="2020-04-14T17:28:55Z">
      <class name="com.actitime.test.CreateCustomer">
        <test-method status="PASS" signature="testCreateCustomer()[pri:0, instance:com.actitime.test.CreateCustomer@51081592]" name="testCreateCustomer" duration-ms="41" started-at="2020-04-14T22:58:55Z" finished-at="2020-04-14T22:58:55Z">
          <reporter-output>
            <line>
              <![CDATA[CreateCustomer]]>
            </line>
          </reporter-output>
        </test-method> <!-- testCreateCustomer -->
      </class> <!-- com.actitime.test.CreateCustomer -->
    </test> <!-- Default test -->
  </suite> <!-- Default suite -->
</testng-results>
